23/10/2021|04:51:17 www.google.com AAAA ALLOW 
23/10/2021|04:51:24 google.com AAAA ALLOW 
23/10/2021|04:51:35 msn.com A DENY 
23/10/2021|04:59:30 msn.com A DENY 
23/10/2021|04:59:45 msn.com A DENY 
23/10/2021|05:00:23 msn.com A DENY 
23/10/2021|05:03:05 msn.com A DENY 
23/10/2021|05:05:29 msn.com A DENY 
23/10/2021|05:05:35 msn.com A DENY 
23/10/2021|06:03:02 msn.com A DENY 
23/10/2021|06:03:18 google.com A ALLOW 
23/10/2021|06:04:55 google.com A ALLOW 
23/10/2021|06:05:34 msn.com A DENY 
23/10/2021|06:05:53 msn.com AAAA DENY 
23/10/2021|06:07:36 msn.com AAAA DENY 
23/10/2021|06:07:39 msn.com AAAA DENY 
23/10/2021|06:07:57 msn.com AAAA DENY 
23/10/2021|06:08:04 msn.com AAAA DENY 
23/10/2021|06:08:06 msn.com AAAA DENY 
23/10/2021|06:08:07 msn.com AAAA DENY 
23/10/2021|06:08:15 google.com AAAA ALLOW 
23/10/2021|06:08:18 google.com AAAA ALLOW 
23/10/2021|06:09:01 google.com AAAA ALLOW 
23/10/2021|06:09:26 google.com AAAA ALLOW 
23/10/2021|06:09:28 google.com AAAA ALLOW 
23/10/2021|06:09:32 google.com A ALLOW 
23/10/2021|06:09:34 google.com A ALLOW 
23/10/2021|06:09:40 msn.com A DENY 
23/10/2021|06:09:43 msn.com A DENY 
23/10/2021|06:09:49 www.msn.com A DENY 
23/10/2021|06:10:27 www.msn.com A DENY 
23/10/2021|06:10:35 google.com A ALLOW 
23/10/2021|06:11:10 google.com A ALLOW 
23/10/2021|06:11:41 google.com AAAA ALLOW 
23/10/2021|06:11:50 google.com MX ALLOW 
23/10/2021|06:12:00 msn.com MX DENY 
23/10/2021|06:13:26 msn.com MX DENY 
23/10/2021|06:13:32 google.com MX ALLOW 
23/10/2021|06:14:34 google.com MX ALLOW 
23/10/2021|06:15:02 google.com AAAA ALLOW 
23/10/2021|06:15:08 msn.com AAAA DENY 
23/10/2021|06:17:22 amazon.com AAAA DENY 
23/10/2021|06:18:15  NS DENY 
23/10/2021|06:18:30  NS DENY 
23/10/2021|06:18:56  NS DENY 
23/10/2021|06:19:44 google.com A ALLOW 
23/10/2021|06:19:49 google.com AAAA ALLOW 
23/10/2021|06:20:01 msn.com AAAA DENY 
